<?xml version="1.0" encoding="UTF-8"?>
<testng-results ignored="0" total="1" passed="1" failed="0" skipped="0">
  <reporter-output>
    <line>
      <![CDATA[successfully login ]]>
    </line>
  </reporter-output>
  <suite started-at="2023-02-16T23:02:17 IST" name="Default suite" finished-at="2023-02-16T23:02:42 IST" duration-ms="24799">
    <groups>
    </groups>
    <test started-at="2023-02-16T23:02:17 IST" name="Default test" finished-at="2023-02-16T23:02:42 IST" duration-ms="24799">
      <class name="Board.testClass">
        <test-method is-config="true" signature="StepsToLogin()[pri:0, instance:Board.testClass@478190fc]" started-at="2023-02-16T23:02:17 IST" name="StepsToLogin" finished-at="2023-02-16T23:02:31 IST" duration-ms="14309" status="PASS">
          <reporter-output>
          </reporter-output>
        </test-method> <!-- StepsToLogin -->
        <test-method signature="f()[pri:0, instance:Board.testClass@478190fc]" started-at="2023-02-16T23:02:31 IST" name="f" finished-at="2023-02-16T23:02:42 IST" duration-ms="10417" status="PASS">
          <reporter-output>
            <line>
              <![CDATA[successfully login ]]>
            </line>
          </reporter-output>
        </test-method> <!-- f -->
      </class> <!-- Board.testClass -->
    </test> <!-- Default test -->
  </suite> <!-- Default suite -->
</testng-results>
